<?xml version="1.0" encoding="UTF-8"?>
<!-- Generated by org.testng.reporters.JUnitXMLReporter -->
<testsuite ignored="3" hostname="DESKTOP-QP050DU" failures="0" tests="1" name="Default test" time="9.021" errors="0" timestamp="2024-04-02T00:00:08 IST">
  <testcase classname="test.HomePageFeatureTest" name="verifyRemoveButtonFunctionality" time="6.055"/>
  <testcase classname="test.HomePageFeatureTest" name="verifyAddToCartButtonFunctionality" time="0.0">
    <ignored/>
  </testcase> <!-- verifyAddToCartButtonFunctionality -->
  <testcase classname="test.HomePageFeatureTest" name="verifyFilterFunctionalityForLowToHigh" time="0.0">
    <ignored/>
  </testcase> <!-- verifyFilterFunctionalityForLowToHigh -->
  <testcase classname="test.HomePageFeatureTest" name="verifyFilterFunctionalityForHignToLow" time="0.0">
    <ignored/>
  </testcase> <!-- verifyFilterFunctionalityForHignToLow -->
</testsuite> <!-- Default test -->
