<?xml version="1.0" encoding="UTF-8"?>
<!-- Generated by org.testng.reporters.JUnitXMLReporter -->
<testsuite ignored="1" hostname="DESKTOP-QP050DU" failures="0" tests="1" name="Default test" time="5.526" errors="0" timestamp="2024-03-29T22:27:23 IST">
  <testcase classname="test.HomePageFeatureTest" name="verifyFilterFunctionalityForLowToHigh" time="2.06"/>
  <testcase classname="test.HomePageFeatureTest" name="verifyFilterFunctionalityForHignToLow" time="0.0">
    <ignored/>
  </testcase> <!-- verifyFilterFunctionalityForHignToLow -->
</testsuite> <!-- Default test -->
