<?xml version="1.0" encoding="UTF-8"?>
<!-- Generated by org.testng.reporters.JUnitXMLReporter -->
<testsuite ignored="0" hostname="DESKTOP-S3K0L07" failures="0" tests="3" name="ChromeTest" time="44.809" errors="0" timestamp="2024-04-08T18:00:52 IST">
  <testcase classname="test.ThankYouPageTest" name="clickOnBackHomeButtonFunctionality" time="4.198"/>
  <testcase classname="test.ThankYouPageTest" name="verifyThankYouPageMessageFunctionality" time="4.905"/>
  <testcase classname="test.ThankYouPageTest" name="verifytThankYouPagePlaceOrderMessage" time="8.714"/>
</testsuite> <!-- ChromeTest -->
