<?xml version="1.0" encoding="UTF-8"?>
<!-- Generated by org.testng.reporters.JUnitXMLReporter -->
<testsuite ignored="0" hostname="DESKTOP-S3K0L07" failures="1" tests="3" name="EdgeTest" time="49.8" errors="0" timestamp="2024-04-06T10:43:54 IST">
  <testcase classname="test.LoginTest" name="verifySwagLabLoginFunctionality" time="8.442"/>
  <testcase classname="test.OvervriewPageTest" name="overViewPagePriceCalculationTest" time="5.519"/>
  <testcase classname="test.OvervriewPageTest" name="overViewPageProductTitleNameTest" time="2.865">
    <failure type="java.lang.IndexOutOfBoundsException" message="Index 0 out of bounds for length 0">
      <![CDATA[java.lang.IndexOutOfBoundsException: Index 0 out of bounds for length 0
at java.base/jdk.internal.util.Preconditions.outOfBounds(Preconditions.java:64)
at java.base/jdk.internal.util.Preconditions.outOfBoundsCheckIndex(Preconditions.java:70)
at java.base/jdk.internal.util.Preconditions.checkIndex(Preconditions.java:266)
at java.base/java.util.Objects.checkIndex(Objects.java:359)
at java.base/java.util.ArrayList.get(ArrayList.java:427)
at org.openqa.selenium.support.pagefactory.internal.LocatingElementListHandler.invoke(LocatingElementListHandler.java:39)
at jdk.proxy2/jdk.proxy2.$Proxy14.get(Unknown Source)
at pom.SwagLabHomePage.getProductName(SwagLabHomePage.java:110)
at test.OvervriewPageTest.overViewPageProductTitleNameTest(OvervriewPageTest.java:61)
at java.base/java.util.ArrayList.forEach(ArrayList.java:1511)
... Removed 31 stack frames]]>
    </failure>
  </testcase> <!-- overViewPageProductTitleNameTest -->
</testsuite> <!-- EdgeTest -->
