<?xml version="1.0" encoding="UTF-8"?>
<testng-results ignored="3" total="4" passed="1" failed="0" skipped="0">
  <reporter-output>
  </reporter-output>
  <suite started-at="2024-04-01T23:59:59 IST" name="Default suite" finished-at="2024-04-02T00:00:08 IST" duration-ms="9021">
    <groups>
    </groups>
    <test started-at="2024-04-01T23:59:59 IST" name="Default test" finished-at="2024-04-02T00:00:08 IST" duration-ms="9021">
      <class name="test.HomePageFeatureTest">
        <test-method is-config="true" signature="OpenApplication()[pri:0, instance:test.HomePageFeatureTest@740cae06]" started-at="2024-04-01T23:59:59 IST" name="OpenApplication" finished-at="2024-04-02T00:00:02 IST" duration-ms="2923" status="PASS">
          <reporter-output>
          </reporter-output>
        </test-method> <!-- OpenApplication -->
        <test-method signature="verifyRemoveButtonFunctionality()[pri:0, instance:test.HomePageFeatureTest@740cae06]" started-at="2024-04-02T00:00:02 IST" name="verifyRemoveButtonFunctionality" finished-at="2024-04-02T00:00:08 IST" duration-ms="6055" status="PASS">
          <reporter-output>
          </reporter-output>
        </test-method> <!-- verifyRemoveButtonFunctionality -->
      </class> <!-- test.HomePageFeatureTest -->
    </test> <!-- Default test -->
  </suite> <!-- Default suite -->
</testng-results>
