<?xml version="1.0" encoding="UTF-8"?>
<testng-results ignored="0" total="1" passed="1" failed="0" skipped="0">
  <reporter-output>
  </reporter-output>
  <suite started-at="2024-03-28T19:58:04 IST" name="Default suite" finished-at="2024-03-28T19:58:08 IST" duration-ms="4139">
    <groups>
    </groups>
    <test started-at="2024-03-28T19:58:04 IST" name="Default test" finished-at="2024-03-28T19:58:08 IST" duration-ms="4139">
      <class name="test.LoginTest">
        <test-method is-config="true" signature="OpenApplication()[pri:0, instance:test.LoginTest@6340e5f0]" started-at="2024-03-28T19:58:04 IST" name="OpenApplication" finished-at="2024-03-28T19:58:07 IST" duration-ms="3084" status="PASS">
          <reporter-output>
          </reporter-output>
        </test-method> <!-- OpenApplication -->
        <test-method signature="verifySwagLabLoginFunctionality()[pri:0, instance:test.LoginTest@6340e5f0]" started-at="2024-03-28T19:58:07 IST" name="verifySwagLabLoginFunctionality" finished-at="2024-03-28T19:58:08 IST" duration-ms="1013" status="PASS">
          <reporter-output>
          </reporter-output>
        </test-method> <!-- verifySwagLabLoginFunctionality -->
      </class> <!-- test.LoginTest -->
    </test> <!-- Default test -->
  </suite> <!-- Default suite -->
</testng-results>
